******* WBIP.rpt 9 <1090410745>
******************************************************************
*     Activity Grp / Activity Report - Printed by WBIP           *
* 10/25/19 S.Calvin (AiC)  Change to accomodate amounts > $1MM   *
******************************************************************
******************************************************************
$PROGRAM   WBIP
******************************************************************
****************************************************
$REPORT    WBIP-R1
****************************************************
$PRINTFILE INVOICES
$PGBRKCNTL NONE
**************************************
$GROUP     ER-INVOICE-HEADER
**************************************
$PREFIX    IH-
$PGBRK
$FORMAT
(10U(s0p12h0s3b4099T
|                                           ;
%
                            XXXXXXXXXXXXXXXXXXXXXXXXXXXXXXXXXXX            Page:ZZZZ
                            A0                                             |   ;Z
                            XXXXXXXXXXXXXXXXXXXXXXXXXXXXXXXXXXX
                            A1
                            XXXXXXXXXXXXXXXXXXXXXXXXXXXXXXXXXXX
                            A2
                            XXXXXXXXXXXXXXXXXXXXXXXXXXXXXXXXXXX
                            A3
                            XXXXXXXXXXXXXXXXXXXXXXXXXXXXXXXXXXX
                            A4
                            XXXXXXXXXXXXXXXXXXXXXXXXXXXXXXXXXXX
                            A5                          
                            XXXXXXXXXXXXXXXXXXXXXXXXXXXXXXXXXXX
                            A6                          
                            XXXXXXXXXXXXXXXXXXXXXXXXXXX
                            A7
 XXXXXXXXXXXXXXXXXXXXXXXXXXXXXXXXXXX       
 B0                                          
 XXXXXXXXXXXXXXXXXXXXXXXXXXXXXXXXXXX                                          
 B1                                          
 XXXXXXXXXXXXXXXXXXXXXXXXXXXXXXXXXXX                                          
 B2                                          
 XXXXXXXXXXXXXXXXXXXXXXXXXXXXXXXXXXX          ONLINE PAYMENT PIN:  XXXXXXXXXXX                                
 B3                                           |                    C6 
 XXXXXXXXXXXXXXXXXXXXXXXXXXXXXXXXXXX          INVOICE DATE:        ZZ/ZZ/ZZZZ 
 B4                                           |               ;    C1
 XXXXXXXXXXXXXXXXXXXXXXXXXXXXXXXXXXX          INVOICE #:           XXXXXXXXXX 
 B5                                           |               ;    C2    
 XXXXXXXXXXXXXXXXXXXXXXXXXXXXXXXXXXX          BILLING PERIOD:         XXXXXXX 
 B6                                           |               ;       C3    
 XXXXXXXXXXXXXXXXXXXXXXXXXXXXXXXXXXX          PAYMENT DUE DATE:    ZZ/ZZ/ZZZZ
 B7                                           |               ;    C5
%
$ENDFMT

$FIELDS
FIELD  NAME                   ELEMENT        TYPE  PRTCNTL     VALUES                   
 ---   --------------------   --------------  --   ----------  -------------------------
 *     COMPANY                                     Numeric 4
 *     CUSTOMER                                    Alpha 9
 *     POSTING-DATE                           DT   Numeric 8
 *     BILL-TO                                     Numeric 4
 *     PROCESS-LEVEL                               Alpha 5
 Z     PAGE                                   PN
 B0    BILL-TO-NAME
 A0    REMIT-TO-NAME
 B1    BILL-TO-ADDR1
 A1    REMIT-TO-ADDR1
 B2    BILL-TO-ADDR2
 A2    REMIT-TO-ADDR2
 B3    BILL-TO-ADDR3
 A3    REMIT-TO-ADDR3
 B4    BILL-TO-ADDR4
 A4    REMIT-TO-ADDR4
 B5    BILL-TO-ADDR5
 A5    REMIT-TO-ADDR5
 B6    BILL-TO-ADDR6
 A6    REMIT-TO-ADDR6
 B7    BILL-TO-CONTACT
 A7    REMIT-TO-CONTACT
 C6    PAYMENT-PIN
 C1    INVOICE-DATE                           CD    
 C2    INVOICE
 C3    BILLING-PD 
 C5    DUE-DATE                               CD

$ENDFLDS

$DETAIL
 Name                  KeyNbr  Token  PFC DFC  Special Key Numbers
 --------------------   ---    ------  -   -   ---------------------------------
$ENDDTL
$ENDGRP

**************************************
$GROUP     ER-INV-ACCOUNT
**************************************
$PREFIX    IA-
$FORMAT
                          ACCOUNT #: XXXXXXXXX
                          |        ; D1
% 
$ENDFMT

$FIELDS
FIELD  NAME                   ELEMENT        TYPE  PRTCNTL     VALUES                   
 ---   --------------------   --------------  --   ----------  -------------------------
 D1    CUSTOMER
$ENDFLDS
$ENDGRP
**************************************
$GROUP     ER-INV-EMPLOYEE
**************************************
$PREFIX    IE-
$FORMAT
NAME:             XXXXXXXXXXXXXXXXXXXXXXXXXXXXXXXXXXX     
|              ;  A                                       
EMPLOYEE #:       ZZZZZZZZ9                               
|              ;  B                                       
STATUS:           XX
|              ;  C
%
$ENDFMT

$FIELDS
FIELD  NAME                   ELEMENT        TYPE  PRTCNTL     VALUES                   
 ---   --------------------   --------------  --   ----------  -------------------------
 A     NAME        
 B     EMPLOYEE
 C     EMP-STATUS
$ENDFLDS
$ENDGRP
**************************************
$GROUP     ER-INV-EMAIL  
**************************************
$PREFIX    IE-
$FORMAT
 If you have questions pertaining to this invoice please e-mail info@concordiaplans.org or call 1-888-927-7526.  Thank you!
 |;
%
$ENDFMT

$FIELDS
$ENDFLDS
$ENDGRP

**************************************
$GROUP     ER-INV-MISC-HDG
**************************************
$PREFIX    IMH-
$FORMAT
XXXXXXXXXXXXXXXXXXXXXXXXXXXXXXXXXXXXXXXXXXXXXXXX  XXXXXXXXXXXXXX XXXXXXXXXXXXXX
A                                B                C              D
$ENDFMT
$FIELDS
FIELD  NAME                   ELEMENT        TYPE  PRTCNTL     VALUES                   
 ---   --------------------   --------------  --   ----------  -------------------------
 A     HDG1
 B     HDG2
 C     HDG3
 D     HDG4
$ENDFLDS
$ENDGRP

**************************************
$GROUP     ER-INV-MISC-DTL         
**************************************
$PREFIX    IMD-
$FORMAT
XXXXXXXXXXXXXXXXXXXXXXXXXXXXXX   XXXXXXXXXXXXXXX  $$$,$$$,$$$.99-    XXXXXXX
A                                B                C                  D  
$ENDFMT
$FIELDS
FIELD  NAME                   ELEMENT        TYPE  PRTCNTL     VALUES                   
 ---   --------------------   --------------  --   ----------  -------------------------
 A     INFO1
 B     INFO2
 C     AMOUNT
 D     BILL-PD
$ENDFLDS
$ENDGRP

**************************************
$GROUP     ER-INV-MISC-SUB-TTL     
**************************************
$PREFIX    IMS-
$FORMAT
                                 XXXXXXXXXXXXXXX  $$$,$$$,$$$.99-
                                 B                C
$ENDFMT
$FIELDS
FIELD  NAME                   ELEMENT        TYPE  PRTCNTL     VALUES                   
 ---   --------------------   --------------  --   ----------  -------------------------
 B     INFO2
 C     AMOUNT
$ENDFLDS
$ENDGRP

**************************************
$GROUP     ER-INV-MISC-TTL         
**************************************
$PREFIX    IMT-
$FORMAT
%
XXXXXXXXXXXXXXXXXXXXXXXXXXXXXX                    $$$,$$$,$$$.99-
A                                                 C
%
$ENDFMT
$FIELDS
FIELD  NAME                   ELEMENT        TYPE  PRTCNTL     VALUES                   
 ---   --------------------   --------------  --   ----------  -------------------------
 A     INFO1
 C     AMOUNT
$ENDFLDS
$ENDGRP

**************************************
$GROUP     ER-INV-MISC-PYD         
**************************************
$PREFIX    IMP-
$FORMAT
Portion deducted from Pension Payment             $$$,$$$,$$$.99-
|                                   ;             C
$ENDFMT
$FIELDS
FIELD  NAME                   ELEMENT        TYPE  PRTCNTL     VALUES                   
 ---   --------------------   --------------  --   ----------  -------------------------
 C     AMOUNT
$ENDFLDS
$ENDGRP

**************************************
$GROUP     ER-INV-ACCOUNT-SUMMARY
**************************************
$PREFIX    IS-
$FORMAT
%
ACCOUNT SUMMARY
|             ;                  
Previous Balance                     $$$,$$$,$$9.99-
|                                ;   E1
Payments                             $$$,$$$,$$9.99-
|                                ;   E2
Current Charges                      $$$,$$$,$$9.99-
|                                ;   E3
Adjustments                          $$$,$$$,$$9.99-
|                                ;   E4
Manual Adjustments-Other             $$$,$$$,$$9.99-
|                                ;   E5
Lost Income Adjustment               $$$,$$$,$$9.99-
|                                ;   E6
Finance Charges-Delinquent Balance   $$$,$$$,$$9.99-
|                                ;   E7
Refunds                              $$$,$$$,$$9.99-
|                                ;   E8
TOTAL AMOUNT DUE                    $$$$,$$$,$$9.99-
|                                ;  E9
%
$ENDFMT

$FIELDS
FIELD  NAME                   ELEMENT        TYPE  PRTCNTL     VALUES                   
 ---   --------------------   --------------  --   ----------  -------------------------
 E1    PREV-BALANCE
 E2    PAYMENTS
 E3    CURR-CHARGES
 E4    ADJUSTMENTS
 E5    MANUAL-ADJUSTMENTS
 E6    LATE-FEES
 E7    FINANCE-CHARGES
 E8    REFUNDS
 E9    TOTAL-AMT-DUE
$ENDFLDS
$ENDGRP

**************************************
$GROUP     ER-INV-LAST-PAYMENT
**************************************
$PREFIX    ILP-
$FORMAT
%
                            LAST PAYMENT RECEIVED
                            |                   ;
 Post Date                     Payment Amount                Check Number
 |       ;                     |            ;                |          ;
 ZZ/ZZ/ZZZZ                    $$$,$$$,$$9.99-                XXXXXXXXXX
 F1                            F2                             F3
%
$ENDFMT

$FIELDS
FIELD  NAME                   ELEMENT        TYPE  PRTCNTL     VALUES                   
 ---   --------------------   --------------  --   ----------  -------------------------
 F1    POST-DATE                              CD
 F2    PAYMENT-AMT
 F3    CHECK-NBR
$ENDFLDS
$ENDGRP

**************************************
$GROUP     ER-INV-COMMENTS
**************************************
$PREFIX    IC-
$FORMAT
 XXXXXXXXXXXXXXXXXXXXXXXXXXXXXXXXXXXXXXXXXXXXXXXXXXXXXXXXXXXXXXXXXXXXXXXXXXX
 A 
$ENDFMT

$FIELDS
FIELD  NAME                   ELEMENT        TYPE  PRTCNTL     VALUES                   
 ---   --------------------   --------------  --   ----------  -------------------------
 A     COMMENT 
$ENDFLDS
$ENDGRP

**************************************
$GROUP     ER-INV-STUB
**************************************
$PREFIX    IST-
$FORMAT
%
        DETACH AND MAIL THIS PORTION WITH YOUR CHECK OR MONEY ORDER
        |                               ; |                       ;
            PLEASE MAKE PAYABLE TO CONCORDIA PLAN SERVICES
            |                                         ;
%
 XXXXXXXXXXXXXXXXXXXXXXXXXXXXXXXXXXX       
 H1                                          
 XXXXXXXXX: XXXXXXXXX
 H2       |;H3
 INVOICE #: XXXXXXXXXX
 |        ; H4
%
     AMOUNT DUE     CHECK #      PAYMENT DUE DATE         AMOUNT ENCLOSED
     |        ;     |     ;      |              ;         |             ;
  $$,$$$,$$9.99-                 XXXXXXXXXXXXXXXXXX
  I1                             I2
%
 XXXXXXXXXXXXXXXXXXXXXXXXXXXXXXXXXXX       XXXXXXXXXXXXXXXXXXXXXXXXXXXXXXXXXXX
 J1                                        K1
 XXXXXXXXXXXXXXXXXXXXXXXXXXXXXXXXXXX       XXXXXXXXXXXXXXXXXXXXXXXXXXXXXXXXXXX
 J2                                        K2
 XXXXXXXXXXXXXXXXXXXXXXXXXXXXXXXXXXX       XXXXXXXXXXXXXXXXXXXXXXXXXXXXXXXXXXX
 J3                                        K3
 XXXXXXXXXXXXXXXXXXXXXXXXXXXXXXXXXXX       XXXXXXXXXXXXXXXXXXXXXXXXXXXXXXXXXXX
 J4                                        K4
 XXXXXXXXXXXXXXXXXXXXXXXXXXXXXXXXXXX       XXXXXXXXXXXXXXXXXXXXXXXXXXXXXXXXXXX
 J5                                        K5
 XXXXXXXXXXXXXXXXXXXXXXXXXXXXXXXXXXX       XXXXXXXXXXXXXXXXXXXXXXXXXXXXXXXXXXX
 J6                                        K6                          
 XXXXXXXXXXXXXXXXXXXXXXXXXXXXXXXXXXX       XXXXXXXXXXXXXXXXXXXXXXXXXXXXXXXXXXX
 J7                                        K7                          
 XXXXXXXXXXXXXXXXXXXXXXXXXXXXXXXXXXX       XXXXXXXXXXXXXXXXXXXXXXXXXXX
 J8                                        K8
$ENDFMT

$FIELDS
FIELD  NAME                   ELEMENT        TYPE  PRTCNTL     VALUES                   
 ---   --------------------   --------------  --   ----------  -------------------------
 H1    NAME
 H2    ACCT-HDG
 H3    ACCOUNT
 H4    INVOICE
 I1    AMOUNT-DUE
 I2    DUE-DATE                           
 J1    BILL-TO-NAME
 K1    REMIT-TO-NAME
 J2    BILL-TO-ADDR1
 K2    REMIT-TO-ADDR1
 J3    BILL-TO-ADDR2
 K3    REMIT-TO-ADDR2
 J4    BILL-TO-ADDR3
 K4    REMIT-TO-ADDR3
 J5    BILL-TO-ADDR4
 K5    REMIT-TO-ADDR4
 J6    BILL-TO-ADDR5
 K6    REMIT-TO-ADDR5
 J7    BILL-TO-ADDR6
 K7    REMIT-TO-ADDR6
 J8    BILL-TO-CONTACT
 K8    REMIT-TO-CONTACT
$ENDFLDS

$DETAIL
 Name                  KeyNbr  Token  PFC DFC  Special Key Numbers
 --------------------   ---    ------  -   -   ---------------------------------
$ENDDTL
$ENDGRP

**************************************
$GROUP     ER-INV-SUB-HEADING
**************************************
$PREFIX    ISH-
$FORMAT
%
                                       BILLING  EMPLOYEE
                                       |     ;  |      ;
 NAME:                                 PERIOD      ID       XXXXXX     XXXXXX     XXXXXX     XXXXXX     XXXXXX     XXXXXX     XXXXXX     XXXXXX     XXXXXX     XXXXXX
 |   ;                                 |     ;     | ;      A          B          C          D          E          F          G          H          I          J
$ENDFMT
$FIELDS
FIELD  NAME                   ELEMENT        TYPE  PRTCNTL     VALUES                   
 ---   --------------------   --------------  --   ----------  -------------------------
 A     HDG1
 B     HDG2
 C     HDG3
 D     HDG4
 E     HDG5
 F     HDG6
 G     HDG7
 H     HDG8
 I     HDG9
 J     HDG10
$ENDFLDS
$ENDGRP

**************************************
$GROUP     ER-GN1-DTL-HDG   
**************************************
$PREFIX    G1-
$FORMAT
%
  XXXXXXXXXXXXXXXXXXXXXXXXXXXXXXXXXXXXXXXXXXXXXXXXXXXXXXXXXXXXXXXXXXXXXXXXXXXX
  A                  
$ENDFMT
$FIELDS
FIELD  NAME                   ELEMENT        TYPE  PRTCNTL     VALUES                   
 ---   --------------------   --------------  --   ----------  -------------------------
 A     HEADING   
$ENDFLDS
$ENDGRP

**************************************
$GROUP     ER-TN0-INV-TOTALS
**************************************
$PREFIX    GT0-
$FORMAT
%
%
 TOTAL CURRENT CHARGES:                                ZZZZZZZ.99- ZZZZZZZ.99- ZZZZZZZ.99- ZZZZZZZ.99- ZZZZZZZ.99- ZZZZZZZ.99- ZZZZZZZ.99- ZZZZZZZ.99- ZZZZZZZ.99- ZZZZZZZ.ZZ-
 |                    ;                                G1          H1          I1          J1          K1          L1          M1          N1          O1          P1
 TOTAL ADJUSTMENTS:                                    ZZZZZZZ.ZZ- ZZZZZZZ.ZZ- ZZZZZZZ.ZZ- ZZZZZZZ.ZZ- ZZZZZZZ.ZZ- ZZZZZZZ.ZZ- ZZZZZZZ.ZZ- ZZZZZZZ.ZZ- ZZZZZZZ.ZZ- ZZZZZZZ.ZZ-
 |                    ;                                G2          H2          I2          J2          K2          L2          M2          N2          O2          P2
%
 TOTAL FINANCE CHARGES DELINQUENT BALANCE:             ZZZZZZZ.ZZ- ZZZZZZZ.ZZ- ZZZZZZZ.ZZ- ZZZZZZZ.ZZ- ZZZZZZZ.ZZ- ZZZZZZZ.ZZ- ZZZZZZZ.ZZ- ZZZZZZZ.ZZ- ZZZZZZZ.ZZ- ZZZZZZZ.ZZ-
 |                                       ;             G4          H4          I4          J4          K4          L4          M4          N4          O4          P4
%
 TOTALS FOR THIS INVOICE:                              ZZZZZZZ.99- ZZZZZZZ.99- ZZZZZZZ.99- ZZZZZZZ.99- ZZZZZZZ.99- ZZZZZZZ.99- ZZZZZZZ.99- ZZZZZZZ.99- ZZZZZZZ.99- ZZZZZZZ.ZZ-
 |                      ;                              G5          H5          I5          J5          K5          L5          M5          N5          O5          P5
$ENDFMT
$FIELDS
FIELD  NAME                   ELEMENT        TYPE  PRTCNTL     VALUES                   
 ---   --------------------   --------------  --   ----------  -------------------------
 G1    TOT-CURR-CHG-1
 H1    TOT-CURR-CHG-2
 I1    TOT-CURR-CHG-3
 J1    TOT-CURR-CHG-4
 K1    TOT-CURR-CHG-5
 L1    TOT-CURR-CHG-6
 M1    TOT-CURR-CHG-7
 N1    TOT-CURR-CHG-8
 O1    TOT-CURR-CHG-9
 P1    TOT-CURR-CHG-10
 G2    TOT-ADJ-1
 H2    TOT-ADJ-2
 I2    TOT-ADJ-3
 J2    TOT-ADJ-4
 K2    TOT-ADJ-5
 L2    TOT-ADJ-6
 M2    TOT-ADJ-7
 N2    TOT-ADJ-8
 O2    TOT-ADJ-9
 P2    TOT-ADJ-10
 G4    TOT-FIN-CHG-1
 H4    TOT-FIN-CHG-2
 I4    TOT-FIN-CHG-3
 J4    TOT-FIN-CHG-4
 K4    TOT-FIN-CHG-5
 L4    TOT-FIN-CHG-6
 M4    TOT-FIN-CHG-7
 N4    TOT-FIN-CHG-8
 O4    TOT-FIN-CHG-9
 P4    TOT-FIN-CHG-10
 G5    TOT-INVOICE-1
 H5    TOT-INVOICE-2
 I5    TOT-INVOICE-3
 J5    TOT-INVOICE-4
 K5    TOT-INVOICE-5
 L5    TOT-INVOICE-6
 M5    TOT-INVOICE-7
 N5    TOT-INVOICE-8
 O5    TOT-INVOICE-9
 P5    TOT-INVOICE-10
$ENDFLDS
$ENDGRP

**************************************
$GROUP     ER-TN1-GRP-TOTALS
**************************************
$PREFIX    T1-
$FORMAT
%
   XXXXXXXXXXXXXXXXXXXXXXXXXXXXXXXXXXXXXXXXXXXXXXXXXXX ZZZZZZZ.99- ZZZZZZZ.99- ZZZZZZZ.99- ZZZZZZZ.99- ZZZZZZZ.99- ZZZZZZZ.99- ZZZZZZZ.99- ZZZZZZZ.99- ZZZZZZZ.99- ZZZZZZZ.ZZ-
   A                                                   G           H           I           J           K           L           M           N           O           P
$ENDFMT
$FIELDS
FIELD  NAME                   ELEMENT        TYPE  PRTCNTL     VALUES                   
 ---   --------------------   --------------  --   ----------  -------------------------
 A     HDG      
 G     TOT-AMOUNT-1
 H     TOT-AMOUNT-2
 I     TOT-AMOUNT-3
 J     TOT-AMOUNT-4
 K     TOT-AMOUNT-5
 L     TOT-AMOUNT-6
 M     TOT-AMOUNT-7
 N     TOT-AMOUNT-8
 O     TOT-AMOUNT-9
 P     TOT-AMOUNT-10
$ENDFLDS
$ENDGRP

**************************************
$GROUP     ER-TN2-SUB-GRP-TOTALS
**************************************
$PREFIX    T2-
$FORMAT
%
XXXXXXXXXXXXXXXXXXXXXXXXXXXXXXXXXXXXXXXXXXXXXXXXXXXXXX ZZZZZZZ.99- ZZZZZZZ.99- ZZZZZZZ.99- ZZZZZZZ.99- ZZZZZZZ.99- ZZZZZZZ.99- ZZZZZZZ.99- ZZZZZZZ.99- ZZZZZZZ.99- ZZZZZZZ.ZZ-
A                                                      G           H           I           J           K           L           M           N           O           P
$ENDFMT
$FIELDS
FIELD  NAME                   ELEMENT        TYPE  PRTCNTL     VALUES                   
 ---   --------------------   --------------  --   ----------  -------------------------
 A     HDG      
 G     TOT-AMOUNT-1
 H     TOT-AMOUNT-2
 I     TOT-AMOUNT-3
 J     TOT-AMOUNT-4
 K     TOT-AMOUNT-5
 L     TOT-AMOUNT-6
 M     TOT-AMOUNT-7
 N     TOT-AMOUNT-8
 O     TOT-AMOUNT-9
 P     TOT-AMOUNT-10
$ENDFLDS
$ENDGRP

**************************************
$GROUP     ER-TN3-DEPT-TOTALS
**************************************
$PREFIX    T3-
$FORMAT
%
       Totals For Department:                          ZZZZZZZ.99- ZZZZZZZ.99- ZZZZZZZ.99- ZZZZZZZ.99- ZZZZZZZ.99- ZZZZZZZ.99- ZZZZZZZ.99- ZZZZZZZ.99- ZZZZZZZ.99- ZZZZZZZ.ZZ-
       |                    ;                          G           H           I           J           K           L           M           N           O           P
$ENDFMT
$FIELDS
FIELD  NAME                   ELEMENT        TYPE  PRTCNTL     VALUES                   
 ---   --------------------   --------------  --   ----------  -------------------------
 G     TOT-AMOUNT-1
 H     TOT-AMOUNT-2
 I     TOT-AMOUNT-3
 J     TOT-AMOUNT-4
 K     TOT-AMOUNT-5
 L     TOT-AMOUNT-6
 M     TOT-AMOUNT-7
 N     TOT-AMOUNT-8
 O     TOT-AMOUNT-9
 P     TOT-AMOUNT-10
$ENDFLDS
$ENDGRP

**************************************
$GROUP     ER-GN1-MESSAGE
**************************************
$PREFIX    G1-
$FORMAT
  XXXXXXXXXXXXXXXXXXXXXXXXXXXXXXXXXXXXXXXXXXXXXXXXXX
  A 
$ENDFMT
$FIELDS
FIELD  NAME                   ELEMENT        TYPE  PRTCNTL     VALUES                   
 ---   --------------------   --------------  --   ----------  -------------------------
 A     MESSAGE
$ENDFLDS
$ENDGRP

**************************************
$GROUP     ER-GN2-EMPLOYEE
**************************************
$PREFIX    G2-
$FORMAT
%
 XXXXXXXXXXXXXXXXXXXXXXXXXXXXXXXXXXX XXXXXXX ZZZZZZZZZ ZZZZZZZ.99- ZZZZZZZ.99- ZZZZZZZ.99- ZZZZZZZ.99- ZZZZZZZ.99- ZZZZZZZ.99- ZZZZZZZ.99- ZZZZZZZ.99- ZZZZZZZ.99- ZZZZZZZ.ZZ-
 A                                   B       D         G           H           I           J           K           L           M           N           O           P
$ENDFMT
$FIELDS
FIELD  NAME                   ELEMENT        TYPE  PRTCNTL     VALUES                   
 ---   --------------------   --------------  --   ----------  -------------------------
 A     FULL-NAME
 B     BILL-PD
 D     EMPLOYEE
 G     TOT-AMOUNT-1
 H     TOT-AMOUNT-2
 I     TOT-AMOUNT-3
 J     TOT-AMOUNT-4
 K     TOT-AMOUNT-5
 L     TOT-AMOUNT-6
 M     TOT-AMOUNT-7
 N     TOT-AMOUNT-8
 O     TOT-AMOUNT-9
 P     TOT-AMOUNT-10
$ENDFLDS
$ENDGRP

**************************************
$GROUP     ER-GN3-EMPLOYEE-CODES
**************************************
$PREFIX    G3-
$FORMAT
     XXXXXXXXXXXXXXXXXXXXXXXXXX                        XXXXXXX    XXXXXXX    XXXXXXX    XXXXXXX    XXXXXXX    XXXXXXX    XXXXXXX    XXXXXXX    XXXXXXX    XXXXXXX 
     A                                                 G          H          I          J          K          L          M          N          O          P
$ENDFMT
$FIELDS
FIELD  NAME                   ELEMENT        TYPE  PRTCNTL     VALUES                   
 ---   --------------------   --------------  --   ----------  -------------------------
 A     REASON
 G     CODE1
 H     CODE2
 I     CODE3
 J     CODE4
 K     CODE5
 L     CODE6
 M     CODE7
 N     CODE8
 O     CODE9
 P     CODE10
$ENDFLDS
$ENDGRP

$ENDRPT



****************************************************
$REPORT    WBIP-R2
****************************************************
$PRINTFILE EE-INVOICE
$PGBRKCNTL NONE

**************************************
$GROUP     EE-INVOICE-HEADER
**************************************
$PGBRK
$RPTGRP    ER-INVOICE-HEADER
$ENDGRP

**************************************
$GROUP     EE-INV-ACCOUNT
**************************************
$RPTGRP    ER-INV-ACCOUNT
$ENDGRP

**************************************
$GROUP     EE-INV-EMPLOYEE
**************************************
$RPTGRP    ER-INV-EMPLOYEE
$ENDGRP

**************************************
$GROUP     EE-INV-EMAIL  
**************************************
$RPTGRP    ER-INV-EMAIL  
$ENDGRP

**************************************
$GROUP     EE-INV-MISC-HDG
**************************************
$RPTGRP    ER-INV-MISC-HDG
$ENDGRP

**************************************
$GROUP     EE-INV-MISC-DTL         
**************************************
$RPTGRP    ER-INV-MISC-DTL         
$ENDGRP

**************************************
$GROUP     EE-INV-MISC-SUB-TTL     
**************************************
$RPTGRP    ER-INV-MISC-SUB-TTL     
$ENDGRP

**************************************
$GROUP     EE-INV-MISC-TTL         
**************************************
$RPTGRP    ER-INV-MISC-TTL         
$ENDGRP

**************************************
$GROUP     EE-INV-MISC-PYD         
**************************************
$RPTGRP    ER-INV-MISC-PYD         
$ENDGRP

**************************************
$GROUP     EE-INV-ACCOUNT-SUMMARY
**************************************
$RPTGRP    ER-INV-ACCOUNT-SUMMARY
$ENDGRP

**************************************
$GROUP     EE-INV-LAST-PAYMENT
**************************************
$RPTGRP    ER-INV-LAST-PAYMENT
$ENDGRP

**************************************
$GROUP     EE-INV-COMMENTS
**************************************
$RPTGRP    ER-INV-COMMENTS
$ENDGRP

**************************************
$GROUP     EE-INV-STUB
**************************************
$RPTGRP    ER-INV-STUB
$ENDGRP

**************************************
$GROUP     EE-INV-SUB-HEADING
**************************************
$RPTGRP    ER-INV-SUB-HEADING
$ENDGRP

**************************************
$GROUP     EE-GN1-DTL-HDG   
**************************************
$RPTGRP    ER-GN1-DTL-HDG   
$ENDGRP

**************************************
$GROUP     EE-TN0-INV-TOTALS
**************************************
$RPTGRP    EE-TN0-INV-TOTALS
$ENDGRP

**************************************
$GROUP     EE-TN1-GRP-TOTALS
**************************************
$RPTGRP    ER-TN1-GRP-TOTALS
$ENDGRP

**************************************
$GROUP     EE-TN2-SUB-GRP-TOTALS
**************************************
$RPTGRP    ER-TN2-SUB-GRP-TOTALS
$ENDGRP

**************************************
$GROUP     EE-TN3-DEPT-TOTALS
**************************************
$RPTGRP    ER-TN3-DEPT-TOTALS
$ENDGRP

**************************************
$GROUP     EE-GN1-MESSAGE
**************************************
$RPTGRP    ER-GN1-MESSAGE
$ENDGRP

**************************************
$GROUP     EE-GN2-EMPLOYEE
**************************************
$RPTGRP    ER-GN2-EMPLOYEE
$ENDGRP

**************************************
$GROUP     EE-GN3-EMPLOYEE-CODES
**************************************
$RPTGRP    ER-GN3-EMPLOYEE-CODES
$ENDGRP

$ENDRPT


****************************************************
$REPORT    WBIP-R3
****************************************************
$PRINTFILE REGISTER

**************************************
$GROUP     REGISTER-PAGE-HDR
**************************************
$PREFIX    RH-
$PGBRK
$LEVEL     A
$DELAY
$FORMAT
XXXXX Date Z9/99/99                    Invoice Register               Page ZZZZ
A1    |  ; A2                          |              ;               |  ; B1
      Time 99.99                                                     
      |  ; C1                                                                  
%
   Invoice Number   Customer   Bill To      Tax Amount          Invoice Amount
   |            ;   |      ;   |     ;      |        ;          |            ; 
   --------------   ---------  -------  --------------  ----------------------
   |            ;   |       ;  |     ;  |            ;  |                    ; 
$ENDFMT

$FIELDS
FIELD  NAME                   ELEMENT        TYPE  PRTCNTL     VALUES           
 ---   --------------------   --------------  --   ----------  -------------------------
 A1    PROGRAM
 A2    DATE                                   TD    
 B1    PAGE                                   PN    
 C1    TIME                                   CT
$ENDFLDS

$DETAIL
 Name                  KeyNbr  Token  PFC DFC  Special Key Numbers
 --------------------   ---    ------  -   -   ---------------------------------
$ENDDTL

$ENDGRP

**************************************
$GROUP     REGISTER-DETAIL
**************************************
$PREFIX    RD-
$LEVEL     B
$FORMAT
   XXXXXXXXXXXXXXXX XXXXXXXXX  ZZZ9     ZZZ,ZZZ,ZZ9.99-   Z,ZZZ,ZZZ,ZZZ,ZZ9.99-
   A1               C1         D1       E1                F1
$ENDFMT

$FIELDS
FIELD  NAME                   ELEMENT        TYPE  PRTCNTL     VALUES                   
 ---   --------------------   --------------  --   ----------  -------------------------
 A1    INVOICE       
 C1    CUSTOMER
 D1    BILL-TO
 E1    TAX                                    DV
 F1    AMOUNT                                 DV
$ENDFLDS
$DETAIL
 Name                  KeyNbr  Token  PFC DFC  Special Key Numbers
 --------------------   ---    ------  -   -   ---------------------------------
$ENDDTL
$ENDGRP

**************************************
$GROUP     RETRO-INV-ONLY 
**************************************
$PREFIX    RO-
$FORMAT
         **RETRO BILL ADJUSTMENT - ADDITIONAL INVOICE*
         |                                           ;
$ENDFMT

$FIELDS
$ENDFLDS
$ENDGRP

**************************************
$GROUP     REGISTER-TOTALS
**************************************
$PREFIX    RT- 
$LEVEL     C
$FORMAT
%
%
       Total Invoice Amount             ZZZ,ZZZ,ZZZ,ZZZ,ZZ9.99-
       |                  ;             A1
       Total Tax Amount                         ZZZ,ZZZ,ZZ9.99-
       |              ;                         B1
       Total Number of Invoices                    ZZZ,ZZZ,ZZ9
       |                      ;                    C1  
$ENDFMT

$FIELDS
FIELD  NAME                   ELEMENT        TYPE  PRTCNTL     VALUES                   
 ---   --------------------   --------------  --   ----------  -------------------------
 A1    TOTAL-DUE                              DV
 B1    TOTAL-TAX                              DV    
 C1    TOTAL-COUNT 
$ENDFLDS

$DETAIL
 Name                  KeyNbr  Token  PFC DFC  Special Key Numbers
 --------------------   ---    ------  -   -   ---------------------------------
$ENDDTL

$ENDGRP

**************************************
$GROUP     MESSAGE-LINE 
**************************************
$PREFIX    MSG-
$FORMAT
       XXXXXXXXXXXXXXXXXXXXXXXXXXXXXXXXXXXXXXXXXXXXXXXXXXXXXXXXXXXXXXXXXXXXXXXXXXXXX
       A1   
$ENDFMT
$FIELDS
FIELD  NAME                   ELEMENT        TYPE  PRTCNTL     VALUES                   
 ---   --------------------   --------------  --   ----------  -------------------------
 A1    MESSAGE       
$ENDFLDS
$ENDGRP
$ENDRPT
**************************************
$REPORT    WBIP-OUTOFBAL 
****************************************************
$PRINTFILE OUTOFBAL 
**************************************
**************************************
$GROUP     OUTOFBAL-PAGE-HDR
**************************************
$PREFIX    EX-
$PGBRK
$LEVEL     A
$DELAY
$FORMAT
XXXXX Date Z9/99/99                    Out of Balance                 Page ZZZZ
A1    |  ; A2                          |            ;                 |  ; B1
      Time 99.99                                                     
      |  ; C1                                                                  
%
   Message                                    Customer   Amount         
   |                                      ;   |      ;   |            ; 
   ----------------------------------------   ---------  -------------- 
   |                                      ;   |       ;  |            ;  
$ENDFMT

$FIELDS
FIELD  NAME                   ELEMENT        TYPE  PRTCNTL     VALUES           
 ---   --------------------   --------------  --   ----------  -------------------------
 A1    PROGRAM
 A2    DATE                                   TD    
 B1    PAGE                                   PN    
 C1    TIME                                   CT
$ENDFLDS

$DETAIL
 Name                  KeyNbr  Token  PFC DFC  Special Key Numbers
 --------------------   ---    ------  -   -   ---------------------------------
$ENDDTL

$ENDGRP

$GROUP     OUTOFBAL-LINE 
**************************************
$PREFIX    E2-
$LEVEL     B
$FORMAT
   XXXXXXXXXXXXXXXXXXXXXXXXXXXXXXXXXXXXXXXX  XXXXXXXXXX  $$$,$$$,$$$.99- 
   A                                         B           C     
$ENDFMT
$FIELDS
FIELD  NAME                   ELEMENT        TYPE  PRTCNTL     VALUES                   
 ---   --------------------   --------------  --   ----------  -------------------------
 A     EXCEPT-MSG                          
 B     CUSTOMER
 C     AMT-DIFF 
$ENDFLDS

$ENDGRP
**************************************
$GROUP     OUTOFBAL-TTL         
**************************************
$PREFIX    E3- 
$LEVEL     C
$FORMAT
%
                                                Total    $$$,$$$,$$$.99-
                                                |        A
%
$ENDFMT
$FIELDS
FIELD  NAME                   ELEMENT        TYPE  PRTCNTL     VALUES                   
 ---   --------------------   --------------  --   ----------  -------------------------
 A     TTL-DIFF
$ENDFLDS
$ENDGRP

$ENDRPT
$ENDPGM

