******************************************************************
$PROGRAM   ZN421
******************************************************************

****************************************************
$REPORT    ZN421-R1
****************************************************

**************************************
$GROUP     GN0H-STD-HDR
**************************************
$PREFIX    G0H-
$STDHDR
$PGBRK
$FORMAT
ZN421 Date ZZ/ZZ/ZZ                                                                                                     Page ZZZZ
      |  ; A                                                                                                            |  ; B
      Time 99:99                                   Tw Employment Extract
      |  ; C
%
%
%
$ENDFMT

$FIELDS
FIELD  NAME                   ELEMENT        TYPE  PRTCNTL     VALUES
 ---   --------------------   --------------  --   ----------  ---------------------------------
 A     DATE                                   TD
 B     PAGE                                   PN
 C     TIME                                   CT
$ENDFLDS

$ENDGRP

**************************************
$GROUP     GN1-WEN-COMPANY
**************************************
$PREFIX    G1-
$PGBRK
$DELAY
$LEVEL     A
$FORMAT
ZN421  Date 99/99/99                               Company   ZZZ9  XXXXXXXXXXXXXXXXXXXXXXXXXXXXXX                       Page ZZZZ
       |  ; A1                                     |       ; B1    C1                                                   |  ; D1
       Time 99.99                                  EMPLOYMENT File Extract
       |  ; E1                                     |                     ;
%
%
$ENDFMT
$FIELDS
FIELD  NAME                   ELEMENT        TYPE  PRTCNTL     VALUES
 ---   --------------------   --------------  --   ----------  -------------------------
 A1    DATE                                   TD
 B1    COMPANY
 C1    NAME
 D1    PAGE                                   PN
 E1    TIME                                   CT

$ENDFLDS
$ENDGRP

**************************************
$GROUP     GN2H-WEN-START-DATE
**************************************
$PREFIX    G2-
$LEVEL     B
$DELAY
$FORMAT
Employee  First Name      Last Name                      Start Date Status Nonpartic Cd Lcms Roster Proc Lev Plan Code Sra Vest
|       ; |             ; |                            ; |                                                ;|                  ;
$ENDFMT

$ENDGRP

**************************************
$GROUP     GN2D-WEN-START-DATE
**************************************
$PREFIX    G2-
$LEVEL     C
$FORMAT
ZZZZZZZZ9 XXXXXXXXXXXXXXX XXXXXXXXXXXXXXXXXXXXXXXXXXXXXX ZZ/ZZ/ZZ   XX     XXX          XXXXXXXXXX   XXXXX   XXXX        XXX
A         B               C                              D          E      F            G            H       I           J
$ENDFMT

$FIELDS
FIELD  NAME                   ELEMENT        TYPE  PRTCNTL     VALUES
 ---   --------------------   --------------  --   ----------  ---------------------------------
 A     WEN-EMPLOYEE
 B     EMP-FIRST-NAME
 C     EMP-LAST-NAME
 D     WEN-START-DATE                         CD
 E     WEN-EMP-STATUS
 F     WEN-NONPARTIC-CD
 G     WEN-LCMS-ROSTER
 H     WEN-PROCESS-LEVEL
 I     WEN-PLAN-CODE
 J     WEN-SRA-VEST
$ENDFLDS

$ENDGRP

**************************************
$GROUP     GN2-TOTALS
**************************************
$PREFIX    G2-
$LEVEL     B
$FORMAT
          Total Records Written:  ZZZ,ZZZ,ZZ9
          |                    ;  A
$ENDFMT

$FIELDS
FIELD  NAME                   ELEMENT        TYPE  PRTCNTL     VALUES
 ---   --------------------   --------------  --   ----------  -----------------
 A     RECORD-COUNT
$ENDFLDS

$ENDGRP

**************************************
$GROUP     GN3H-WEN-PLAN-CODE
**************************************
$PREFIX    G3-
$LEVEL     A
$DELAY
$FORMAT
ZN420  Date 99/99/99                               Company   ZZZ9  XXXXXXXXXXXXXXXXXXXXXXXXXXXXXX                       Page ZZZZ
       |  ; A1                                     |       ; B1    C1                                                   |  ; D1
       Time 99.99                                  EMPLOYMENT File Overrides
       |  ; E1                                     |                     ;
 Employee  First Name      Last Name       SSN        Status Proc Lvl
 |       ; |               ; |               ; |            ; |   ;  |     ;
$ENDFMT
$FIELDS
FIELD  NAME                   ELEMENT        TYPE  PRTCNTL     VALUES
 ---   --------------------   --------------  --   ----------  -------------------------
 A1    DATE                                   TD
 B1    COMPANY
 C1    NAME
 D1    PAGE                                   PN
 E1    TIME                                   CT

$ENDFLDS

$ENDGRP

**************************************
$GROUP     GN3D-WEN-PLAN-CODE
**************************************
$PREFIX    G3-
$LEVEL     B
$FORMAT
 ZZZZZZZZ9 XXXXXXXXXXXXXXX XXXXXXXXXXXXXXX XXXXXXXXXXXX XXX XXXXX
 A         B               C               D            E   F  
$ENDFMT

$FIELDS
FIELD  NAME                   ELEMENT        TYPE  PRTCNTL     VALUES
 ---   --------------------   --------------  --   ----------  ---------------------------------
 A     EMPLOYEE
 B     FIRST-NAME
 C     LAST-NAME
 D     FICA-NBR
 E     EMP-STATUS
 F     PROCESS-LEVEL
$ENDFLDS

$ENDGRP


$ENDRPT

$ENDPGM
