******* WB120.rpt 1 <3003824498>
******************************************************************
$PROGRAM   WB120
******************************************************************

****************************************************
$REPORT    WB120
****************************************************
**************************************
$GROUP     PAGE-HEADING
**************************************
$PREFIX    PH-
$PGBRK
$LEVEL     A
$DELAY
$FORMAT
WB120 Date Z9/99/99                                Company ZZZZ XXXXXXXXXXXXXXXXXXXXXXXXXXXXXX                          Page ZZZZ
|   ; |  ; A1                                      |     ; B1   C1                                                      |  ; D1
      Time 99:99                                   Payroll Close                                           
      |  ; E1                                      |                                         ; 
                                                   General Ledger Posting Report
                                                   |                                         ;
%
$ENDFMT
$FIELDS
FIELD  NAME                   ELEMENT        TYPE  PRTCNTL     VALUES                   
 ---   --------------------   --------------  --   ----------  -------------------------
 A1    DATE                                   TD    
 B1    COMPANY                        
 C1    NAME                        
 D1    PAGE                                   PN    
 E1    TIME                                   CT    
$ENDFLDS

$DETAIL
*NAME                  KEYNBR  TOKEN   PARAMS
*--------------------   ---    ------  -----------------------------------------
 COMPANY                01
$ENDDTL

$ENDGRP


**************************************
$GROUP     DIST-COMP-HEADING
**************************************
$PREFIX    DCH-
$LEVEL     B
$DELAY
$FORMAT
Distribution Company: ZZZZ XXXXXXXXXXXXXXXXXXXXXXXXXXXXXX
|                   ; A1   B1
$ENDFMT
$FIELDS
FIELD  NAME                   ELEMENT        TYPE  PRTCNTL     VALUES                   
 ---   --------------------   --------------  --   ----------  -------------------------
 A1    DIST-COMPANY                        
 B1    GLS-NAME
$ENDFLDS

$ENDGRP


**************************************
$GROUP     PAYMENT-DATE-HEADING
**************************************
$PREFIX    PDH-
$LEVEL     C
$DELAY
$FORMAT
Payment Date        : ZZ/ZZ/ZZ
|                   ; A1
%
$ENDFMT
$FIELDS
FIELD  NAME                   ELEMENT        TYPE  PRTCNTL     VALUES                   
 ---   --------------------   --------------  --   ----------  -------------------------
 A1    PAYMENT-DATE                           CD
$ENDFLDS

$ENDGRP


**************************************
$GROUP     ACCOUNT-HEADING
**************************************
$PREFIX    AH-
$LEVEL     D
$DELAY
$FORMAT
%
Dist                                                                    - - - - A M O U N T S - - - -  - - - - H O U R S - - - -
^  ;                                                                            |           ;                  |       ;
 Cpy        Account                Date   Description                           Debit          Credit         Debit        Credit  
|  ; |                         ;   |    ; |                          ;          |   ;          |    ;         |   ;        |    ; 
---- --------------------------- -------- ---------------------------- --------------  --------------  ------------  ------------                   

$ENDFMT
$FIELDS
FIELD  NAME                   ELEMENT        TYPE  PRTCNTL     VALUES                   
 ---   --------------------   --------------  --   ----------  -------------------------
$ENDFLDS

$ENDGRP


**************************************
$GROUP     POSTING-LINE
**************************************
$PREFIX    PL-
$LEVEL     E
$FORMAT
ZZZZ XXXXXXXXXXXXXXX-ZZZZZZ-ZZZZ ZZ/ZZ/ZZ XXXXXXXXXXXXXXXXXXXXXXXXXXXX ZZZ,ZZZ,ZZ9.99- ZZZ,ZZZ,ZZ9.99- Z,ZZZ,ZZ9.99- Z,ZZZ,ZZ9.99-
A1   B1              C1   ; D1   E1       F1                           G1              H1              I1            J1
$ENDFMT
$FIELDS
FIELD  NAME                   ELEMENT        TYPE  PRTCNTL     VALUES                   
 ---   --------------------   --------------  --   ----------  -------------------------
 A1    DIST-COMPANY                        
 B1    ACCT-UNIT                        
 C1    ACCOUNT                        
 D1    SUB-ACCT                        
 E1    POSTING-DATE                           CD    
 F1    DESCRIPTION                        
 G1    DEBIT-AMT                        
 H1    CREDIT-AMT                        
 I1    DEBIT-HOURS                        
 J1    CREDIT-HOURS                        
$ENDFLDS

$DETAIL
*NAME                  KEYNBR  TOKEN   PARAMS
*--------------------   ---    ------  -----------------------------------------
 ACCT-UNIT              02
 ACCOUNT                04
 SUB-ACCT               05
 POSTING-DATE           MJ
$ENDDTL

$ENDGRP


**************************************
$GROUP     TOTAL-LINE
**************************************
$PREFIX    TL-
$LEVEL     D
$FORMAT
%
Totals for Payment Date ZZ/ZZ/ZZ                                       ZZZ,ZZZ,ZZ9.99- ZZZ,ZZZ,ZZ9.99- Z,ZZZ,ZZ9.99- Z,ZZZ,ZZ9.99-
|                     ; E1                                             A1              B1            ; C1          ; D1          ;
%
%
$ENDFMT
$FIELDS
FIELD  NAME                   ELEMENT        TYPE  PRTCNTL     VALUES                   
 ---   --------------------   --------------  --   ----------  -------------------------
 E1    PAYMENT-DATE                           CD
 A1    DEBIT-AMT                        
 B1    CREDIT-AMT                        
 C1    DEBIT-HOURS                        
 D1    CREDIT-HOURS                        
$ENDFLDS

$ENDGRP


**************************************
$GROUP     GN1-COMPANY
**************************************
$PREFIX    G1-
$PGBRK
$LEVEL     A
$FORMAT
WB120 Date Z9/99/99                                Company  ZZZZ  XXXXXXXXXXXXXXXXXXXXXXXXXXXXXX                        Page ZZZZ
|   ; |  ; A1                                      |      ; B1    C1                                                    |  ; D1
      Time 99:99                                   Benefit Close                          
      |  ; E1                                      |                                         ;
$ENDFMT
$FIELDS
FIELD  NAME                   ELEMENT        TYPE  PRTCNTL     VALUES                   
 ---   --------------------   --------------  --   ----------  -------------------------
 A1    DATE                                   TD    
 B1    COMPANY                        
 C1    PRS-NAME                                    
 D1    PAGE                                   PN    
 E1    TIME                                   CT    
$ENDFLDS

$ENDGRP


**************************************
$GROUP     GN2-PLAN-TYPE
**************************************
$PREFIX    G2-
$LEVEL     B
$FORMAT
%
Process Level  XXXXX  XXXXXXXXXXXXXXXXXXXXXXXXXXXXXX
|            ; A1     B1
$ENDFMT
$FIELDS
FIELD  NAME                   ELEMENT        TYPE  PRTCNTL     VALUES                   
 ---   --------------------   --------------  --   ----------  -------------------------
 A1    PROCESS-LEVEL                        
 B1    PROC-LEV-NAME                        
$ENDFLDS

$ENDGRP


**************************************
$GROUP     GN41H-PLAN-CODE
**************************************
$PREFIX    G41-
$LEVEL     C
$FORMAT
%
                                            Pre-tax        After-tax          Company         Eligible  Participation       Vesting 
                                          ^       ;        ^       ;        ^       ;     ^          ;  ^           ;       ^     ;
Defined Contribution                      Deduction        Deduction        Deduction     Compensation          Hours         Hours 
|                                 ;       |       ;        |       ;        |       ;     |          ;  |           ;       |     ;
-----------------------------------  --------------   --------------   --------------   --------------  -------------  ------------

$ENDFMT
$FIELDS
FIELD  NAME                   ELEMENT        TYPE  PRTCNTL     VALUES                   
 ---   --------------------   --------------  --   ----------  -------------------------
$ENDFLDS

$ENDGRP


**************************************
$GROUP     GN41D-PLAN-CODE
**************************************
$PREFIX    G41-
$LEVEL     D
$FORMAT
XXXX XXXXXXXXXXXXXXXXXXXXXXXXXXXXXX  ZZZ,ZZZ,ZZZ.99-  ZZZ,ZZZ,ZZZ.99-  ZZZ,ZZZ,ZZZ.99-  ZZZ,ZZZ,ZZZ.99-  Z,ZZZ,ZZ9.99- Z,ZZZ,ZZ9.99-
A1   B1                              C1               D1               E1               F1               G1            H1
$ENDFMT
$FIELDS
FIELD  NAME                   ELEMENT        TYPE  PRTCNTL     VALUES                   
 ---   --------------------   --------------  --   ----------  -------------------------
 A1    PLAN-CODE                        
 B1    PLAN-DESC                        
 C1    PRE-DED-AMT                        
 D1    AFT-DED-AMT                        
 E1    CMP-DED-AMT                        
 F1    COMP-AMOUNT                        
 G1    HOURS-SERV                        
 H1    VEST-HOURS                        
$ENDFLDS

$ENDGRP


**************************************
$GROUP     GN42H-PLAN-CODE
**************************************
$PREFIX    G42-
$LEVEL     C
$FORMAT
%
XXXXXXXXXXXXXXXXXXXX                          Deduction
A1                                            |       ;
-----------------------------------      --------------

$ENDFMT
$FIELDS
FIELD  NAME                   ELEMENT        TYPE  PRTCNTL     VALUES                   
 ---   --------------------   --------------  --   ----------  -------------------------
 *     PLAN-TYPE                              XV   Alpha 2     RS=Spending Account
                                                               SB=Savings Bond
                                                               SP=Stock Purchase
                                                                 =
 A1    PLAN-TYPE                              X     
$ENDFLDS

$ENDGRP


**************************************
$GROUP     GN42D-PLAN-CODE
**************************************
$PREFIX    G42-
$LEVEL     D
$FORMAT
XXXX  XXXXXXXXXXXXXXXXXXXXXXXXXXXXXX     ZZZ,ZZZ,ZZZ.99-
A1    B1                                 C1
$ENDFMT
$FIELDS
FIELD  NAME                   ELEMENT        TYPE  PRTCNTL     VALUES                   
 ---   --------------------   --------------  --   ----------  -------------------------
 A1    PLAN-CODE                        
 B1    PLAN-DESC                        
 C1    DED-AMT                        
$ENDFLDS

$ENDGRP

**************************************
$GROUP     GN43H-PLAN-CODE
**************************************
$PREFIX    G43-
$LEVEL     C
$FORMAT
%
                                            Eligible   Participation        Vesting 
                                        ^          ;   ^           ;        ^     ;
Defined Benefit                         Compensation           Hours          Hours 
|                                 ;     |          ;   |           ;        |     ;
-----------------------------------   --------------   -------------   ------------

$ENDFMT
$FIELDS
FIELD  NAME                   ELEMENT        TYPE  PRTCNTL     VALUES                   
 ---   --------------------   --------------  --   ----------  -------------------------
$ENDFLDS

$ENDGRP


**************************************
$GROUP     GN43D-PLAN-CODE
**************************************
$PREFIX    G43-
$LEVEL     D
$FORMAT
XXXX XXXXXXXXXXXXXXXXXXXXXXXXXXXXXX   ZZZ,ZZZ,ZZZ.99-   Z,ZZZ,ZZ9.99-  Z,ZZZ,ZZ9.99-
A1   B1                               C1                D1             E1
$ENDFMT
$FIELDS
FIELD  NAME                   ELEMENT        TYPE  PRTCNTL     VALUES                   
 ---   --------------------   --------------  --   ----------  -------------------------
 A1    PLAN-CODE                        
 B1    PLAN-DESC                        
 C1    COMP-AMOUNT                        
 D1    HOURS-SERV                        
 E1    VEST-HOURS                        
$ENDFLDS

$ENDGRP


******************************************************************
*     G/L Interface Summary Report - Printed by IFJER70PD        *
******************************************************************

**************************************
$GROUP     JE1-RPT-HEADER 
**************************************
$PREFIX    JE1-
$PGBRK
$LEVEL     A
$FORMAT
XXXXX Date Z9/99/99                            Journal Interface Control Report                                      Page ZZZZ
A1    |  ; A2                                  |                                                ;                    |  ; B1
      Time 99.99                                                     
      |  ; C1                                                                                    
%
                                                  Trans Date          Units (Dr)   Base Amount (Dr)     Reversing (Dr)
                                                 |          ;         |        ;   |              ;     |            ;
 Co.  Sys  Year  Period   Journal      Status    Posting Date               (Cr)               (Cr)               (Cr)
 |  ; | ;  |  ;  |    ;   |         ;  |       ; |          ;         |        ;   |              ;     |            ;
%---- ---  ----  ------ ------------- ---------- ------------ ------------------ ------------------ ------------------
$ENDFMT
$FIELDS
FIELD  NAME                   ELEMENT        TYPE  PRTCNTL     VALUES                   
 ---   --------------------   --------------  --   ----------  -------------------------
 A1    PROGRAM                        
 A2    DATE                                   TD    
 B1    PAGE                                   PN    
 C1    TIME                                   CT    
$ENDFLDS

$DETAIL
 Name                  KeyNbr  Token  PFC DFC  Special Key Numbers
 --------------------   ---    ------  -   -   ---------------------------------
$ENDDTL

$ENDGRP


**************************************
$GROUP     JE2-RPT-DETAIL
**************************************
$PREFIX    JE2-
$LEVEL     B
$LINECNT   4 
$FORMAT
 ZZZZ XX   9999      ZZ X-ZZZZZZZZX99 XXXXXXXXXX   ZZ/ZZ/ZZ   ZZ,ZZZ,ZZZ,ZZ9.99- ZZ,ZZZ,ZZZ,ZZ9.99- ZZ,ZZZ,ZZZ,ZZ9.99-
 A1   B1   C1        D1 E1F1      GG1 H1           I1         J1                 K1                 L1
                                                   ZZ/ZZ/ZZ   ZZ,ZZZ,ZZZ,ZZ9.99- ZZ,ZZZ,ZZZ,ZZ9.99- ZZ,ZZZ,ZZZ,ZZ9.99-
                                                   M1         N1                 O1                 P1
%
$ENDFMT
$FIELDS
FIELD  NAME                   ELEMENT        TYPE  PRTCNTL     VALUES                   
 ---   --------------------   --------------  --   ----------  -------------------------
 A1    GLC-COMPANY                        
 B1    GLC-SYSTEM                        
 C1    GLC-FISCAL-YEAR                        
 D1    GLC-ACCT-PERIOD                        
 E1    GLC-JE-TYPE                        
 F1    GLC-CONTROL-GROUP                        
 G     DASH                        
 G1    GLC-JE-SEQUENCE                        
 *     GLC-STATUS                             XV               0=Unreleased
                                                               1=Released
                                                               3=In Process
                                                               4=Quick Post
                                                               5=Posted
                                                               9=History
 H1    GLC-STATUS                             X     
 I1    GLC-DATE                               CD    
 J1    GLC-UNIT-ENTRY-DB                      DV    
 K1    GLC-BASE-DEBITS                        DV    
 L1    GLC-BASE-AUTO-DB                       DV    
 M1    GLC-POSTING-DATE                       CD    
 N1    GLC-UNIT-ENTRY-CR                      DV    
 O1    GLC-BASE-CREDITS                       DV    
 P1    GLC-BASE-AUTO-CR                       DV    
$ENDFLDS

$DETAIL
 Name                  KeyNbr  Token  PFC DFC  Special Key Numbers
 --------------------   ---    ------  -   -   ---------------------------------
 GLC-COMPANY            01
 GLC-SYSTEM             GS
 GLC-ACCT-PERIOD        GP
 GLC-FISCAL-YEAR        06
 GLC-JE-TYPE            GK
 GLC-CONTROL-GROUP      GI
 GLC-JE-SEQUENCE        GIS
$ENDDTL

$ENDGRP

**************************************
$GROUP     JE3-JE-ERROR     
**************************************
$PREFIX    JE3-
$LEVEL     C
$FORMAT
%****  The preceding journal entry contains errors.  Please review prior to posting.  ****
%      |                                         ;   |                            ;
$ENDFMT
$FIELDS
FIELD  NAME                   ELEMENT        TYPE  PRTCNTL     VALUES                   
 ---   --------------------   --------------  --   ----------  -------------------------
$ENDFLDS

$DETAIL
 Name                  KeyNbr  Token  PFC DFC  Special Key Numbers
 --------------------   ---    ------  -   -   ---------------------------------
$ENDDTL

$ENDGRP

$ENDRPT

****************************************************
$REPORT    WB120-APINTER
****************************************************
**************************************
$GROUP     BROADCAST-TAG-LINE-R2
**************************************
$PREFIX    CHN2-
$LEVEL     A
$FORMAT
XXXXXXXXXXXXXXXXXXXXXXXXXXXXXXXXXXXXXXXXXXXXXXXXXXXXXXXXXXXXXXXXXXXXXXXXXXXXXXXXXXXXXXXXXXXXXXXXXXXXXXXXXXXXXXXXXXXXXXXXXXXXXXXXXXX
A
$ENDFMT

$FIELDS
FIELD  NAME                   ELEMENT        TYPE  PRTCNTL     VALUES
 ---   --------------------   --------------  --   ----------  ---------------------------------
 A     TAG-LINE
$ENDFLDS

$ENDGRP

**************************************
$GROUP     AN1-CVI-COMPANY
**************************************
$PREFIX    A1-
$PGBRK
$LEVEL     A
$FORMAT
WB120 Date ZZ/ZZ/ZZ                        Company ZZZZ XXXXXXXXXXXXXXXXXXXXXXXXXXXXXX                                    Page ZZZZ
|   : |  ; A                               |     ; B    C                                                                 |  ; D
      Time ZZ:ZZ                           AP Interface Report
      |  ; E                               |                                         ;
$ENDFMT
$FIELDS
FIELD  NAME                   ELEMENT        TYPE  PRTCNTL     VALUES                   
 ---   --------------------   --------------  --   ----------  -------------------------
 A     DATE                                   TD    
 B     COMPANY                        
 C     NAME                        
 D     PAGE                                   PN    
 E     TIME                                   CT    
$ENDFLDS

$ENDGRP

**************************************
$GROUP     AN2-CVI-VENDOR
**************************************
$PREFIX    A2-
$LEVEL     B
$DELAY
$FORMAT
%
%
AP Company ZZZ9       XXXXXXXXXXXXXXXXXXXXXXXXXXXXXX
|        ; A          B
%
Vendor     XXXXXXXXXX XXXXXXXXXXXXXXXXXXXXXXXXXXXXXX
|        ; C          D
%
                                                              Invoice            Post                 Dist                      Sub
                                                              ^     ;            ^    ;               ^  ;                      ^  ;
Invoice Number         Seq Inv Date Description                Amount Due Date   Date     Dist Amount Cpy  Account Unit Account Acct
|                   ;  | ; |      ; |                 ;       |     ; |      ;   |    ;   |         ; |  ; |          ; |     ; |  ;
---------------------- --- -------- ------------------- ------------- -------- -------- ------------- ---- ------------ ------- ----

$ENDFMT

$FIELDS
FIELD  NAME                   ELEMENT        TYPE  PRTCNTL     VALUES
 ---   --------------------   --------------  --   ----------  ---------------------------------
 A     AP-COMPANY
 B     AP-NAME
 C     VENDOR
 D     VENDOR-VNAME
$ENDFLDS

$ENDGRP

**************************************
$GROUP     AN3-CVI-PAYMENT-DATE
**************************************
$PREFIX    A3-
$LEVEL     C
$FORMAT
XXXXXXXXXXXXXXXXXXXXXX ZZZ ZZ/ZZ/ZZ XXXXXXXXXXXXXXXXXXX ZZZZZZZZZ.ZZ- ZZ/ZZ/ZZ ZZ/ZZ/ZZ ZZZZZZZZZ.ZZ- ZZZ9 XXXXXXXXXXXX  ZZZZZ9 ZZZ9
A                      B   C        D                   E             F        G        H             I    J             K      L
$ENDFMT

$FIELDS
FIELD  NAME                   ELEMENT        TYPE  PRTCNTL     VALUES
 ---   --------------------   --------------  --   ----------  ---------------------------------
 A     INVOICE                                     NODUPS
 B     SEQ-NBR
 C     INV-DATE                               CD
 D     DESCRIPTION
 E     INV-AMT
 F     DUE-DATE                               CD
 G     POST-DATE                              CD
 H     DIST-AMT
 I     DIST-COMPANY
 J     ACCT-UNIT
 K     ACCOUNT
 L     SUB-ACCT
$ENDFLDS

$ENDGRP

$ENDRPT

****************************************************
$REPORT    WB120-EXCEPTIONS
****************************************************
$PRINTFILE EXCEPTIONS
**************************************
$GROUP     EXCEPTION-HDG
**************************************
$PREFIX    EXH-
$PGBRK
$STDHDR
$FORMAT
WB120 Date Z9/99/99     Company ZZZZ XXXXXXXXXXXXXXXXXXXXXXXXXXXX    Page ZZZZ
|   : |  ; A1           |     ; B1   C1                              |  ; D1
      Time 99:99       Exception Rpt - Unable to calculate Billing
      |  ; E1          |                                           ;
%
 Process               Plan   Plan      Start        Thru
 |     ;               |  ;   |  ;      |      ;     |      ;
 Level     Employee    Type   Code      Prd/Year     Prd/Year   Type
 |     ;   |       ;   |  ;   |  ;      |      ;     |      ;   |  ;
 -----     ---------   ----   ----      --------     --------   -------------
 |     ;   |       ;   |  ;   |  ;      |      ;     |      ;   |           ;
$ENDFMT
$FIELDS
FIELD  NAME                   ELEMENT        TYPE  PRTCNTL     VALUES                   
 ---   --------------------   --------------  --   ----------  -------------------------
 A1    DATE                                   TD    
 B1    COMPANY                        
 C1    NAME                        
 D1    PAGE                                   PN    
 E1    TIME                                   CT    
 *     RUN-DATE                                    Numeric 8  
 *     RUN-TIME                                    Numeric 6  
$ENDFLDS
$ENDGRP
**************************************
$GROUP     EXCEPTION-LINE 
**************************************
$PREFIX    E2-
$LEVEL     A
$FORMAT
 XXXXX     ZZZZZZZZZ    XX    XXXX      99 / 9999    99 / 9999  XXXXXXXXXXXXX
 A         B            C     D         E  |;F       G  |;H     I
$ENDFMT
$FIELDS
FIELD  NAME                   ELEMENT        TYPE  PRTCNTL     VALUES                   
 ---   --------------------   --------------  --   ----------  -------------------------
 A     PROCESS-LEVEL                       
 B     EMPLOYEE
 C     PLAN-TYPE
 D     PLAN-CODE
 E     BEG-MM
 F     BEG-CCYY
 G     END-MM
 H     END-CCYY
 *     TYPE                                   XV               A=Adjustment
                                                               O=One Time Ded
 I     TYPE                                   X
$ENDFLDS

$ENDGRP
$ENDRPT
$ENDPGM
